<?xml version="1.0" encoding="UTF-8"?>
<!-- Generated by org.testng.reporters.JUnitReportReporter -->
<testsuite hostname="DESKTOP-D2H4SSF" failures="0" tests="1" name="testpageObject.PionGlobalTest" time="41.104" errors="0" timestamp="2021-10-08T19:11:30 IST" skipped="0">
  <testcase classname="testpageObject.PionGlobalTest" name="getTestData" time="41.104"/>
  <system-out/>
</testsuite> <!-- testpageObject.PionGlobalTest -->
