<?xml version="1.0" encoding="UTF-8"?>
<!-- Generated by org.testng.reporters.JUnitReportReporter -->
<testsuite hostname="DESKTOP-D2H4SSF" failures="0" tests="1" name="testpageObject.PionGlobalTest" time="65.776" errors="0" timestamp="2021-10-12T10:07:39 IST" skipped="0">
  <testcase classname="testpageObject.PionGlobalTest" name="getTestData" time="65.776"/>
  <system-out/>
</testsuite> <!-- testpageObject.PionGlobalTest -->
